#
# There is insufficient memory for the Java Runtime Environment to continue.
# Native memory allocation (mmap) failed to map 175112192 bytes for committing reserved memory.
# Possible reasons:
#   The system is out of physical RAM or swap space
#   In 32 bit mode, the process size limit was hit
# Possible solutions:
#   Reduce memory load on the system
#   Increase physical memory or swap space
#   Check if swap backing store is full
#   Use 64 bit Java on a 64 bit OS
#   Decrease Java heap size (-Xmx/-Xms)
#   Decrease number of Java threads
#   Decrease Java thread stack sizes (-Xss)
#   Set larger code cache with -XX:ReservedCodeCacheSize=
# This output file may be truncated or incomplete.
#
#  Out of Memory Error (os_linux.cpp:2630), pid=29414, tid=140146558232320
#
# JRE version:  (8.0_91-b14) (build )
# Java VM: OpenJDK 64-Bit Server VM (25.91-b14 mixed mode linux-amd64 compressed oops)
# Failed to write core dump. Core dumps have been disabled. To enable core dumping, try "ulimit -c unlimited" before starting Java again
#

---------------  T H R E A D  ---------------

Current thread (0x00007f766000a000):  JavaThread "Unknown thread" [_thread_in_vm, id=29416, stack(0x00007f7669c1e000,0x00007f7669d1f000)]

Stack: [0x00007f7669c1e000,0x00007f7669d1f000],  sp=0x00007f7669d1d5d0,  free space=1021k
Native frames: (J=compiled Java code, j=interpreted, Vv=VM code, C=native code)
V  [libjvm.so+0x9f573d]
V  [libjvm.so+0x4bc3da]
V  [libjvm.so+0x85b0a0]
V  [libjvm.so+0x855b9f]
V  [libjvm.so+0x8cb83b]
V  [libjvm.so+0x8bd848]
V  [libjvm.so+0x2c1483]
V  [libjvm.so+0x87e801]
V  [libjvm.so+0x9bf589]
V  [libjvm.so+0x9bf883]
V  [libjvm.so+0x5e70f5]
V  [libjvm.so+0x9a3953]
V  [libjvm.so+0x654bd2]  JNI_CreateJavaVM+0x52
C  [libjli.so+0x2f08]
C  [libjli.so+0x724d]
C  [libpthread.so.0+0x8182]  start_thread+0xc2


---------------  P R O C E S S  ---------------

Java Threads: ( => current thread )

Other Threads:

=>0x00007f766000a000 (exited) JavaThread "Unknown thread" [_thread_in_vm, id=29416, stack(0x00007f7669c1e000,0x00007f7669d1f000)]

VM state:not at safepoint (not fully initialized)

VM Mutex/Monitor currently owned by a thread: None

GC Heap History (0 events):
No events

Deoptimization events (0 events):
No events

Internal exceptions (0 events):
No events

Events (0 events):
No events


Dynamic libraries:
00400000-00401000 r-xp 00000000 08:01 6819812                            /usr/lib/jvm/java-8-openjdk-amd64/jre/bin/java
00600000-00601000 r--p 00000000 08:01 6819812                            /usr/lib/jvm/java-8-openjdk-amd64/jre/bin/java
00601000-00602000 rw-p 00001000 08:01 6819812                            /usr/lib/jvm/java-8-openjdk-amd64/jre/bin/java
0157a000-0159b000 rw-p 00000000 00:00 0                                  [heap]
ca700000-eab00000 ---p 00000000 00:00 0 
eab00000-efe00000 rw-p 00000000 00:00 0 
efe00000-100000000 ---p 00000000 00:00 0 
7f7651000000-7f7651270000 rwxp 00000000 00:00 0 
7f7651270000-7f7660000000 ---p 00000000 00:00 0 
7f7660000000-7f766002f000 rw-p 00000000 00:00 0 
7f766002f000-7f7664000000 ---p 00000000 00:00 0 
7f76661be000-7f7666313000 ---p 00000000 00:00 0 
7f7666313000-7f766633d000 rw-p 00000000 00:00 0 
7f766633d000-7f76663be000 ---p 00000000 00:00 0 
7f76663be000-7f76663c9000 rw-p 00000000 00:00 0 
7f76663c9000-7f766677f000 ---p 00000000 00:00 0 
7f766677f000-7f7666787000 r-xp 00000000 08:01 9180744                    /usr/lib/jvm/java-8-openjdk-amd64/jre/lib/amd64/libzip.so
7f7666787000-7f7666986000 ---p 00008000 08:01 9180744                    /usr/lib/jvm/java-8-openjdk-amd64/jre/lib/amd64/libzip.so
7f7666986000-7f7666987000 r--p 00007000 08:01 9180744                    /usr/lib/jvm/java-8-openjdk-amd64/jre/lib/amd64/libzip.so
7f7666987000-7f7666988000 rw-p 00008000 08:01 9180744                    /usr/lib/jvm/java-8-openjdk-amd64/jre/lib/amd64/libzip.so
7f7666988000-7f7666993000 r-xp 00000000 08:01 3018899                    /lib/x86_64-linux-gnu/libnss_files-2.19.so
7f7666993000-7f7666b92000 ---p 0000b000 08:01 3018899                    /lib/x86_64-linux-gnu/libnss_files-2.19.so
7f7666b92000-7f7666b93000 r--p 0000a000 08:01 3018899                    /lib/x86_64-linux-gnu/libnss_files-2.19.so
7f7666b93000-7f7666b94000 rw-p 0000b000 08:01 3018899                    /lib/x86_64-linux-gnu/libnss_files-2.19.so
7f7666b94000-7f7666b9f000 r-xp 00000000 08:01 3018639                    /lib/x86_64-linux-gnu/libnss_nis-2.19.so
7f7666b9f000-7f7666d9e000 ---p 0000b000 08:01 3018639                    /lib/x86_64-linux-gnu/libnss_nis-2.19.so
7f7666d9e000-7f7666d9f000 r--p 0000a000 08:01 3018639                    /lib/x86_64-linux-gnu/libnss_nis-2.19.so
7f7666d9f000-7f7666da0000 rw-p 0000b000 08:01 3018639                    /lib/x86_64-linux-gnu/libnss_nis-2.19.so
7f7666da0000-7f7666db7000 r-xp 00000000 08:01 3014757                    /lib/x86_64-linux-gnu/libnsl-2.19.so
7f7666db7000-7f7666fb6000 ---p 00017000 08:01 3014757                    /lib/x86_64-linux-gnu/libnsl-2.19.so
7f7666fb6000-7f7666fb7000 r--p 00016000 08:01 3014757                    /lib/x86_64-linux-gnu/libnsl-2.19.so
7f7666fb7000-7f7666fb8000 rw-p 00017000 08:01 3014757                    /lib/x86_64-linux-gnu/libnsl-2.19.so
7f7666fb8000-7f7666fba000 rw-p 00000000 00:00 0 
7f7666fba000-7f7666fc3000 r-xp 00000000 08:01 3014754                    /lib/x86_64-linux-gnu/libnss_compat-2.19.so
7f7666fc3000-7f76671c2000 ---p 00009000 08:01 3014754                    /lib/x86_64-linux-gnu/libnss_compat-2.19.so
7f76671c2000-7f76671c3000 r--p 00008000 08:01 3014754                    /lib/x86_64-linux-gnu/libnss_compat-2.19.so
7f76671c3000-7f76671c4000 rw-p 00009000 08:01 3014754                    /lib/x86_64-linux-gnu/libnss_compat-2.19.so
7f76671c4000-7f76671f0000 r-xp 00000000 08:01 9180729                    /usr/lib/jvm/java-8-openjdk-amd64/jre/lib/amd64/libjava.so
7f76671f0000-7f76673f0000 ---p 0002c000 08:01 9180729                    /usr/lib/jvm/java-8-openjdk-amd64/jre/lib/amd64/libjava.so
7f76673f0000-7f76673f1000 r--p 0002c000 08:01 9180729                    /usr/lib/jvm/java-8-openjdk-amd64/jre/lib/amd64/libjava.so
7f76673f1000-7f76673f3000 rw-p 0002d000 08:01 9180729                    /usr/lib/jvm/java-8-openjdk-amd64/jre/lib/amd64/libjava.so
7f76673f3000-7f7667403000 r-xp 00000000 08:01 9180730                    /usr/lib/jvm/java-8-openjdk-amd64/jre/lib/amd64/libverify.so
7f7667403000-7f7667602000 ---p 00010000 08:01 9180730                    /usr/lib/jvm/java-8-openjdk-amd64/jre/lib/amd64/libverify.so
7f7667602000-7f7667604000 r--p 0000f000 08:01 9180730                    /usr/lib/jvm/java-8-openjdk-amd64/jre/lib/amd64/libverify.so
7f7667604000-7f7667605000 rw-p 00011000 08:01 9180730                    /usr/lib/jvm/java-8-openjdk-amd64/jre/lib/amd64/libverify.so
7f7667605000-7f766760c000 r-xp 00000000 08:01 3014749                    /lib/x86_64-linux-gnu/librt-2.19.so
7f766760c000-7f766780b000 ---p 00007000 08:01 3014749                    /lib/x86_64-linux-gnu/librt-2.19.so
7f766780b000-7f766780c000 r--p 00006000 08:01 3014749                    /lib/x86_64-linux-gnu/librt-2.19.so
7f766780c000-7f766780d000 rw-p 00007000 08:01 3014749                    /lib/x86_64-linux-gnu/librt-2.19.so
7f766780d000-7f7667823000 r-xp 00000000 08:01 3014675                    /lib/x86_64-linux-gnu/libgcc_s.so.1
7f7667823000-7f7667a22000 ---p 00016000 08:01 3014675                    /lib/x86_64-linux-gnu/libgcc_s.so.1
7f7667a22000-7f7667a23000 rw-p 00015000 08:01 3014675                    /lib/x86_64-linux-gnu/libgcc_s.so.1
7f7667a23000-7f7667b28000 r-xp 00000000 08:01 3014756                    /lib/x86_64-linux-gnu/libm-2.19.so
7f7667b28000-7f7667d27000 ---p 00105000 08:01 3014756                    /lib/x86_64-linux-gnu/libm-2.19.so
7f7667d27000-7f7667d28000 r--p 00104000 08:01 3014756                    /lib/x86_64-linux-gnu/libm-2.19.so
7f7667d28000-7f7667d29000 rw-p 00105000 08:01 3014756                    /lib/x86_64-linux-gnu/libm-2.19.so
7f7667d29000-7f7667e0f000 r-xp 00000000 08:01 6033564                    /usr/lib/x86_64-linux-gnu/libstdc++.so.6.0.19
7f7667e0f000-7f766800e000 ---p 000e6000 08:01 6033564                    /usr/lib/x86_64-linux-gnu/libstdc++.so.6.0.19
7f766800e000-7f7668016000 r--p 000e5000 08:01 6033564                    /usr/lib/x86_64-linux-gnu/libstdc++.so.6.0.19
7f7668016000-7f7668018000 rw-p 000ed000 08:01 6033564                    /usr/lib/x86_64-linux-gnu/libstdc++.so.6.0.19
7f7668018000-7f766802d000 rw-p 00000000 00:00 0 
7f766802d000-7f7668c1b000 r-xp 00000000 08:01 9180742                    /usr/lib/jvm/java-8-openjdk-amd64/jre/lib/amd64/server/libjvm.so
7f7668c1b000-7f7668e1b000 ---p 00bee000 08:01 9180742                    /usr/lib/jvm/java-8-openjdk-amd64/jre/lib/amd64/server/libjvm.so
7f7668e1b000-7f7668eb9000 r--p 00bee000 08:01 9180742                    /usr/lib/jvm/java-8-openjdk-amd64/jre/lib/amd64/server/libjvm.so
7f7668eb9000-7f7668ee2000 rw-p 00c8c000 08:01 9180742                    /usr/lib/jvm/java-8-openjdk-amd64/jre/lib/amd64/server/libjvm.so
7f7668ee2000-7f7668f14000 rw-p 00000000 00:00 0 
7f7668f14000-7f7668f2d000 r-xp 00000000 08:01 3018898                    /lib/x86_64-linux-gnu/libpthread-2.19.so
7f7668f2d000-7f766912c000 ---p 00019000 08:01 3018898                    /lib/x86_64-linux-gnu/libpthread-2.19.so
7f766912c000-7f766912d000 r--p 00018000 08:01 3018898                    /lib/x86_64-linux-gnu/libpthread-2.19.so
7f766912d000-7f766912e000 rw-p 00019000 08:01 3018898                    /lib/x86_64-linux-gnu/libpthread-2.19.so
7f766912e000-7f7669132000 rw-p 00000000 00:00 0 
7f7669132000-7f7669135000 r-xp 00000000 08:01 3014752                    /lib/x86_64-linux-gnu/libdl-2.19.so
7f7669135000-7f7669334000 ---p 00003000 08:01 3014752                    /lib/x86_64-linux-gnu/libdl-2.19.so
7f7669334000-7f7669335000 r--p 00002000 08:01 3014752                    /lib/x86_64-linux-gnu/libdl-2.19.so
7f7669335000-7f7669336000 rw-p 00003000 08:01 3014752                    /lib/x86_64-linux-gnu/libdl-2.19.so
7f7669336000-7f766934e000 r-xp 00000000 08:01 3018787                    /lib/x86_64-linux-gnu/libz.so.1.2.8
7f766934e000-7f766954d000 ---p 00018000 08:01 3018787                    /lib/x86_64-linux-gnu/libz.so.1.2.8
7f766954d000-7f766954e000 r--p 00017000 08:01 3018787                    /lib/x86_64-linux-gnu/libz.so.1.2.8
7f766954e000-7f766954f000 rw-p 00018000 08:01 3018787                    /lib/x86_64-linux-gnu/libz.so.1.2.8
7f766954f000-7f766970a000 r-xp 00000000 08:01 3014748                    /lib/x86_64-linux-gnu/libc-2.19.so
7f766970a000-7f766990a000 ---p 001bb000 08:01 3014748                    /lib/x86_64-linux-gnu/libc-2.19.so
7f766990a000-7f766990e000 r--p 001bb000 08:01 3014748                    /lib/x86_64-linux-gnu/libc-2.19.so
7f766990e000-7f7669910000 rw-p 001bf000 08:01 3014748                    /lib/x86_64-linux-gnu/libc-2.19.so
7f7669910000-7f7669915000 rw-p 00000000 00:00 0 
7f7669915000-7f7669922000 r-xp 00000000 08:01 9180758                    /usr/lib/jvm/java-8-openjdk-amd64/jre/lib/amd64/jli/libjli.so
7f7669922000-7f7669b22000 ---p 0000d000 08:01 9180758                    /usr/lib/jvm/java-8-openjdk-amd64/jre/lib/amd64/jli/libjli.so
7f7669b22000-7f7669b23000 r--p 0000d000 08:01 9180758                    /usr/lib/jvm/java-8-openjdk-amd64/jre/lib/amd64/jli/libjli.so
7f7669b23000-7f7669b24000 rw-p 0000e000 08:01 9180758                    /usr/lib/jvm/java-8-openjdk-amd64/jre/lib/amd64/jli/libjli.so
7f7669b24000-7f7669b47000 r-xp 00000000 08:01 3014746                    /lib/x86_64-linux-gnu/ld-2.19.so
7f7669c1e000-7f7669c21000 ---p 00000000 00:00 0 
7f7669c21000-7f7669d24000 rw-p 00000000 00:00 0                          [stack:29416]
7f7669d37000-7f7669d3a000 rw-p 00000000 00:00 0 
7f7669d3a000-7f7669d42000 rw-s 00000000 08:01 5636124                    /tmp/hsperfdata_ashik/29414
7f7669d42000-7f7669d43000 rw-p 00000000 00:00 0 
7f7669d43000-7f7669d44000 r--p 00000000 00:00 0 
7f7669d44000-7f7669d46000 rw-p 00000000 00:00 0 
7f7669d46000-7f7669d47000 r--p 00022000 08:01 3014746                    /lib/x86_64-linux-gnu/ld-2.19.so
7f7669d47000-7f7669d48000 rw-p 00023000 08:01 3014746                    /lib/x86_64-linux-gnu/ld-2.19.so
7f7669d48000-7f7669d49000 rw-p 00000000 00:00 0 
7fff7dc8c000-7fff7dcae000 rw-p 00000000 00:00 0                          [stack]
7fff7dd4a000-7fff7dd4c000 r-xp 00000000 00:00 0                          [vdso]
ffffffffff600000-ffffffffff601000 r-xp 00000000 00:00 0                  [vsyscall]

VM Arguments:
jvm_args: -Djava.awt.headless=true -Xmx1024M -Dfile.encoding=UTF-8 -Duser.country=IN -Duser.language=en -Duser.variant 
java_command: com.android.dx.command.Main --dex --force-jumbo --num-threads=4 --multi-dex --output /home/ashik/AndroidStudioProjects/PhotoPandaBeta/app/build/intermediates/transforms/dex/debug/folders/1000/10/internal_impl-24.2.0_05db692019fead634168dcbca5c51c831dde5088 /home/ashik/AndroidStudioProjects/PhotoPandaBeta/app/build/intermediates/exploded-aar/com.android.support/support-compat/24.2.0/jars/libs/internal_impl-24.2.0.jar
java_class_path (initial): /home/ashik/Android/Sdk/build-tools/24.0.2/lib/dx.jar
Launcher Type: SUN_STANDARD

Environment Variables:
JAVA_HOME=/usr/lib/jvm/java-8-oracle
PATH=/usr/local/sbin:/usr/local/bin:/usr/sbin:/usr/bin:/sbin:/bin:/usr/games:/usr/local/games:/usr/lib/jvm/java-8-oracle/bin:/usr/lib/jvm/java-8-oracle/db/bin:/usr/lib/jvm/java-8-oracle/jre/bin
LD_LIBRARY_PATH=.:
SHELL=/bin/bash
DISPLAY=:0

Signal Handlers:
SIGSEGV: [libjvm.so+0x9f6230], sa_mask[0]=11111111011111111101111111111110, sa_flags=SA_RESTART|SA_SIGINFO
SIGBUS: [libjvm.so+0x9f6230], sa_mask[0]=11111111011111111101111111111110, sa_flags=SA_RESTART|SA_SIGINFO
SIGFPE: [libjvm.so+0x856c80], sa_mask[0]=11111111011111111101111111111110, sa_flags=SA_RESTART|SA_SIGINFO
SIGPIPE: [libjvm.so+0x856c80], sa_mask[0]=11111111011111111101111111111110, sa_flags=SA_RESTART|SA_SIGINFO
SIGXFSZ: [libjvm.so+0x856c80], sa_mask[0]=11111111011111111101111111111110, sa_flags=SA_RESTART|SA_SIGINFO
SIGILL: [libjvm.so+0x856c80], sa_mask[0]=11111111011111111101111111111110, sa_flags=SA_RESTART|SA_SIGINFO
SIGUSR1: SIG_DFL, sa_mask[0]=00000000000000000000000000000000, sa_flags=none
SIGUSR2: [libjvm.so+0x856b50], sa_mask[0]=00100000000000000000000000000000, sa_flags=SA_RESTART|SA_SIGINFO
SIGHUP: SIG_DFL, sa_mask[0]=00000000000000000000000000000000, sa_flags=none
SIGINT: SIG_DFL, sa_mask[0]=00000000000000000000000000000000, sa_flags=none
SIGTERM: SIG_DFL, sa_mask[0]=00000000000000000000000000000000, sa_flags=none
SIGQUIT: SIG_DFL, sa_mask[0]=00000000000000000000000000000000, sa_flags=none


---------------  S Y S T E M  ---------------

OS:DISTRIB_ID=Ubuntu
DISTRIB_RELEASE=14.04
DISTRIB_CODENAME=trusty
DISTRIB_DESCRIPTION="Ubuntu 14.04 LTS"

uname:Linux 3.13.0-96-generic #143-Ubuntu SMP Mon Aug 29 20:15:20 UTC 2016 x86_64
libc:glibc 2.19 NPTL 2.19 
rlimit: STACK 8192k, CORE 0k, NPROC 127429, NOFILE 4096, AS infinity
load average:3.95 1.80 1.04

/proc/meminfo:
MemTotal:       16332492 kB
MemFree:          160996 kB
Buffers:            8704 kB
Cached:          7822168 kB
SwapCached:            0 kB
Active:          8218392 kB
Inactive:        7605920 kB
Active(anon):    8172380 kB
Inactive(anon):  7565292 kB
Active(file):      46012 kB
Inactive(file):    40628 kB
Unevictable:         352 kB
Mlocked:             352 kB
SwapTotal:             0 kB
SwapFree:              0 kB
Dirty:               840 kB
Writeback:             0 kB
AnonPages:       7993684 kB
Mapped:          2445708 kB
Shmem:           7744348 kB
Slab:             120160 kB
SReclaimable:      64864 kB
SUnreclaim:        55296 kB
KernelStack:        7552 kB
PageTables:        76120 kB
NFS_Unstable:          0 kB
Bounce:                0 kB
WritebackTmp:          0 kB
CommitLimit:     8166244 kB
Committed_AS:   22054044 kB
VmallocTotal:   34359738367 kB
VmallocUsed:      371304 kB
VmallocChunk:   34359301504 kB
HardwareCorrupted:     0 kB
AnonHugePages:   5300224 kB
HugePages_Total:       0
HugePages_Free:        0
HugePages_Rsvd:        0
HugePages_Surp:        0
Hugepagesize:       2048 kB
DirectMap4k:       74288 kB
DirectMap2M:     2969600 kB
DirectMap1G:    13631488 kB


CPU:total 4 (4 cores per cpu, 1 threads per core) family 6 model 60 stepping 3, cmov, cx8, fxsr, mmx, sse, sse2, sse3, ssse3, sse4.1, sse4.2, popcnt, avx, avx2, aes, clmul, erms, lzcnt, tsc, tscinvbit, bmi1, bmi2

/proc/cpuinfo:
processor	: 0
vendor_id	: GenuineIntel
cpu family	: 6
model		: 60
model name	: Intel(R) Core(TM) i5-4440 CPU @ 3.10GHz
stepping	: 3
microcode	: 0x12
cpu MHz		: 3101.000
cache size	: 6144 KB
physical id	: 0
siblings	: 4
core id		: 0
cpu cores	: 4
apicid		: 0
initial apicid	: 0
fpu		: yes
fpu_exception	: yes
cpuid level	: 13
wp		: yes
flags		: fpu vme de pse tsc msr pae mce cx8 apic sep mtrr pge mca cmov pat pse36 clflush dts acpi mmx fxsr sse sse2 ss ht tm pbe syscall nx pdpe1gb rdtscp lm constant_tsc arch_perfmon pebs bts rep_good nopl xtopology nonstop_tsc aperfmperf eagerfpu pni pclmulqdq dtes64 monitor ds_cpl vmx est tm2 ssse3 fma cx16 xtpr pdcm pcid sse4_1 sse4_2 x2apic movbe popcnt tsc_deadline_timer aes xsave avx f16c rdrand lahf_lm abm ida arat xsaveopt pln pts dtherm tpr_shadow vnmi flexpriority ept vpid fsgsbase tsc_adjust bmi1 avx2 smep bmi2 erms invpcid
bogomips	: 6185.30
clflush size	: 64
cache_alignment	: 64
address sizes	: 39 bits physical, 48 bits virtual
power management:

processor	: 1
vendor_id	: GenuineIntel
cpu family	: 6
model		: 60
model name	: Intel(R) Core(TM) i5-4440 CPU @ 3.10GHz
stepping	: 3
microcode	: 0x12
cpu MHz		: 3101.000
cache size	: 6144 KB
physical id	: 0
siblings	: 4
core id		: 1
cpu cores	: 4
apicid		: 2
initial apicid	: 2
fpu		: yes
fpu_exception	: yes
cpuid level	: 13
wp		: yes
flags		: fpu vme de pse tsc msr pae mce cx8 apic sep mtrr pge mca cmov pat pse36 clflush dts acpi mmx fxsr sse sse2 ss ht tm pbe syscall nx pdpe1gb rdtscp lm constant_tsc arch_perfmon pebs bts rep_good nopl xtopology nonstop_tsc aperfmperf eagerfpu pni pclmulqdq dtes64 monitor ds_cpl vmx est tm2 ssse3 fma cx16 xtpr pdcm pcid sse4_1 sse4_2 x2apic movbe popcnt tsc_deadline_timer aes xsave avx f16c rdrand lahf_lm abm ida arat xsaveopt pln pts dtherm tpr_shadow vnmi flexpriority ept vpid fsgsbase tsc_adjust bmi1 avx2 smep bmi2 erms invpcid
bogomips	: 6185.30
clflush size	: 64
cache_alignment	: 64
address sizes	: 39 bits physical, 48 bits virtual
power management:

processor	: 2
vendor_id	: GenuineIntel
cpu family	: 6
model		: 60
model name	: Intel(R) Core(TM) i5-4440 CPU @ 3.10GHz
stepping	: 3
microcode	: 0x12
cpu MHz		: 3101.000
cache size	: 6144 KB
physical id	: 0
siblings	: 4
core id		: 2
cpu cores	: 4
apicid		: 4
initial apicid	: 4
fpu		: yes
fpu_exception	: yes
cpuid level	: 13
wp		: yes
flags		: fpu vme de pse tsc msr pae mce cx8 apic sep mtrr pge mca cmov pat pse36 clflush dts acpi mmx fxsr sse sse2 ss ht tm pbe syscall nx pdpe1gb rdtscp lm constant_tsc arch_perfmon pebs bts rep_good nopl xtopology nonstop_tsc aperfmperf eagerfpu pni pclmulqdq dtes64 monitor ds_cpl vmx est tm2 ssse3 fma cx16 xtpr pdcm pcid sse4_1 sse4_2 x2apic movbe popcnt tsc_deadline_timer aes xsave avx f16c rdrand lahf_lm abm ida arat xsaveopt pln pts dtherm tpr_shadow vnmi flexpriority ept vpid fsgsbase tsc_adjust bmi1 avx2 smep bmi2 erms invpcid
bogomips	: 6185.30
clflush size	: 64
cache_alignment	: 64
address sizes	: 39 bits physical, 48 bits virtual
power management:

processor	: 3
vendor_id	: GenuineIntel
cpu family	: 6
model		: 60
model name	: Intel(R) Core(TM) i5-4440 CPU @ 3.10GHz
stepping	: 3
microcode	: 0x12
cpu MHz		: 2300.000
cache size	: 6144 KB
physical id	: 0
siblings	: 4
core id		: 3
cpu cores	: 4
apicid		: 6
initial apicid	: 6
fpu		: yes
fpu_exception	: yes
cpuid level	: 13
wp		: yes
flags		: fpu vme de pse tsc msr pae mce cx8 apic sep mtrr pge mca cmov pat pse36 clflush dts acpi mmx fxsr sse sse2 ss ht tm pbe syscall nx pdpe1gb rdtscp lm constant_tsc arch_perfmon pebs bts rep_good nopl xtopology nonstop_tsc aperfmperf eagerfpu pni pclmulqdq dtes64 monitor ds_cpl vmx est tm2 ssse3 fma cx16 xtpr pdcm pcid sse4_1 sse4_2 x2apic movbe popcnt tsc_deadline_timer aes xsave avx f16c rdrand lahf_lm abm ida arat xsaveopt pln pts dtherm tpr_shadow vnmi flexpriority ept vpid fsgsbase tsc_adjust bmi1 avx2 smep bmi2 erms invpcid
bogomips	: 6185.30
clflush size	: 64
cache_alignment	: 64
address sizes	: 39 bits physical, 48 bits virtual
power management:



Memory: 4k page, physical 16332492k(160996k free), swap 0k(0k free)

vm_info: OpenJDK 64-Bit Server VM (25.91-b14) for linux-amd64 JRE (1.8.0_91-8u91-b14-0ubuntu4~14.04-b14), built on Apr 22 2016 12:27:31 by "buildd" with gcc 4.8.2

time: Wed Oct 26 18:56:39 2016
elapsed time: 0 seconds (0d 0h 0m 0s)

