#
# There is insufficient memory for the Java Runtime Environment to continue.
# Native memory allocation (mmap) failed to map 175112192 bytes for committing reserved memory.
# Possible reasons:
#   The system is out of physical RAM or swap space
#   In 32 bit mode, the process size limit was hit
# Possible solutions:
#   Reduce memory load on the system
#   Increase physical memory or swap space
#   Check if swap backing store is full
#   Use 64 bit Java on a 64 bit OS
#   Decrease Java heap size (-Xmx/-Xms)
#   Decrease number of Java threads
#   Decrease Java thread stack sizes (-Xss)
#   Set larger code cache with -XX:ReservedCodeCacheSize=
# This output file may be truncated or incomplete.
#
#  Out of Memory Error (os_linux.cpp:2630), pid=29317, tid=140181843908352
#
# JRE version:  (8.0_91-b14) (build )
# Java VM: OpenJDK 64-Bit Server VM (25.91-b14 mixed mode linux-amd64 compressed oops)
# Failed to write core dump. Core dumps have been disabled. To enable core dumping, try "ulimit -c unlimited" before starting Java again
#

---------------  T H R E A D  ---------------

Current thread (0x00007f7e9800a800):  JavaThread "Unknown thread" [_thread_in_vm, id=29321, stack(0x00007f7ea0f29000,0x00007f7ea102a000)]

Stack: [0x00007f7ea0f29000,0x00007f7ea102a000],  sp=0x00007f7ea10285d0,  free space=1021k
Native frames: (J=compiled Java code, j=interpreted, Vv=VM code, C=native code)
V  [libjvm.so+0x9f573d]
V  [libjvm.so+0x4bc3da]
V  [libjvm.so+0x85b0a0]
V  [libjvm.so+0x855b9f]
V  [libjvm.so+0x8cb83b]
V  [libjvm.so+0x8bd848]
V  [libjvm.so+0x2c1483]
V  [libjvm.so+0x87e801]
V  [libjvm.so+0x9bf589]
V  [libjvm.so+0x9bf883]
V  [libjvm.so+0x5e70f5]
V  [libjvm.so+0x9a3953]
V  [libjvm.so+0x654bd2]  JNI_CreateJavaVM+0x52
C  [libjli.so+0x2f08]
C  [libjli.so+0x724d]
C  [libpthread.so.0+0x8182]  start_thread+0xc2


---------------  P R O C E S S  ---------------

Java Threads: ( => current thread )

Other Threads:

=>0x00007f7e9800a800 (exited) JavaThread "Unknown thread" [_thread_in_vm, id=29321, stack(0x00007f7ea0f29000,0x00007f7ea102a000)]

VM state:not at safepoint (not fully initialized)

VM Mutex/Monitor currently owned by a thread: None

GC Heap History (0 events):
No events

Deoptimization events (0 events):
No events

Internal exceptions (0 events):
No events

Events (0 events):
No events


Dynamic libraries:
00400000-00401000 r-xp 00000000 08:01 6819812                            /usr/lib/jvm/java-8-openjdk-amd64/jre/bin/java
00600000-00601000 r--p 00000000 08:01 6819812                            /usr/lib/jvm/java-8-openjdk-amd64/jre/bin/java
00601000-00602000 rw-p 00001000 08:01 6819812                            /usr/lib/jvm/java-8-openjdk-amd64/jre/bin/java
0229d000-022be000 rw-p 00000000 00:00 0                                  [heap]
ca700000-eab00000 ---p 00000000 00:00 0 
eab00000-efe00000 rw-p 00000000 00:00 0 
efe00000-100000000 ---p 00000000 00:00 0 
7f7e89000000-7f7e89270000 rwxp 00000000 00:00 0 
7f7e89270000-7f7e98000000 ---p 00000000 00:00 0 
7f7e98000000-7f7e9802f000 rw-p 00000000 00:00 0 
7f7e9802f000-7f7e9c000000 ---p 00000000 00:00 0 
7f7e9d4c9000-7f7e9d61e000 ---p 00000000 00:00 0 
7f7e9d61e000-7f7e9d648000 rw-p 00000000 00:00 0 
7f7e9d648000-7f7e9d6c9000 ---p 00000000 00:00 0 
7f7e9d6c9000-7f7e9d6d4000 rw-p 00000000 00:00 0 
7f7e9d6d4000-7f7e9da8a000 ---p 00000000 00:00 0 
7f7e9da8a000-7f7e9da92000 r-xp 00000000 08:01 9180744                    /usr/lib/jvm/java-8-openjdk-amd64/jre/lib/amd64/libzip.so
7f7e9da92000-7f7e9dc91000 ---p 00008000 08:01 9180744                    /usr/lib/jvm/java-8-openjdk-amd64/jre/lib/amd64/libzip.so
7f7e9dc91000-7f7e9dc92000 r--p 00007000 08:01 9180744                    /usr/lib/jvm/java-8-openjdk-amd64/jre/lib/amd64/libzip.so
7f7e9dc92000-7f7e9dc93000 rw-p 00008000 08:01 9180744                    /usr/lib/jvm/java-8-openjdk-amd64/jre/lib/amd64/libzip.so
7f7e9dc93000-7f7e9dc9e000 r-xp 00000000 08:01 3018899                    /lib/x86_64-linux-gnu/libnss_files-2.19.so
7f7e9dc9e000-7f7e9de9d000 ---p 0000b000 08:01 3018899                    /lib/x86_64-linux-gnu/libnss_files-2.19.so
7f7e9de9d000-7f7e9de9e000 r--p 0000a000 08:01 3018899                    /lib/x86_64-linux-gnu/libnss_files-2.19.so
7f7e9de9e000-7f7e9de9f000 rw-p 0000b000 08:01 3018899                    /lib/x86_64-linux-gnu/libnss_files-2.19.so
7f7e9de9f000-7f7e9deaa000 r-xp 00000000 08:01 3018639                    /lib/x86_64-linux-gnu/libnss_nis-2.19.so
7f7e9deaa000-7f7e9e0a9000 ---p 0000b000 08:01 3018639                    /lib/x86_64-linux-gnu/libnss_nis-2.19.so
7f7e9e0a9000-7f7e9e0aa000 r--p 0000a000 08:01 3018639                    /lib/x86_64-linux-gnu/libnss_nis-2.19.so
7f7e9e0aa000-7f7e9e0ab000 rw-p 0000b000 08:01 3018639                    /lib/x86_64-linux-gnu/libnss_nis-2.19.so
7f7e9e0ab000-7f7e9e0c2000 r-xp 00000000 08:01 3014757                    /lib/x86_64-linux-gnu/libnsl-2.19.so
7f7e9e0c2000-7f7e9e2c1000 ---p 00017000 08:01 3014757                    /lib/x86_64-linux-gnu/libnsl-2.19.so
7f7e9e2c1000-7f7e9e2c2000 r--p 00016000 08:01 3014757                    /lib/x86_64-linux-gnu/libnsl-2.19.so
7f7e9e2c2000-7f7e9e2c3000 rw-p 00017000 08:01 3014757                    /lib/x86_64-linux-gnu/libnsl-2.19.so
7f7e9e2c3000-7f7e9e2c5000 rw-p 00000000 00:00 0 
7f7e9e2c5000-7f7e9e2ce000 r-xp 00000000 08:01 3014754                    /lib/x86_64-linux-gnu/libnss_compat-2.19.so
7f7e9e2ce000-7f7e9e4cd000 ---p 00009000 08:01 3014754                    /lib/x86_64-linux-gnu/libnss_compat-2.19.so
7f7e9e4cd000-7f7e9e4ce000 r--p 00008000 08:01 3014754                    /lib/x86_64-linux-gnu/libnss_compat-2.19.so
7f7e9e4ce000-7f7e9e4cf000 rw-p 00009000 08:01 3014754                    /lib/x86_64-linux-gnu/libnss_compat-2.19.so
7f7e9e4cf000-7f7e9e4fb000 r-xp 00000000 08:01 9180729                    /usr/lib/jvm/java-8-openjdk-amd64/jre/lib/amd64/libjava.so
7f7e9e4fb000-7f7e9e6fb000 ---p 0002c000 08:01 9180729                    /usr/lib/jvm/java-8-openjdk-amd64/jre/lib/amd64/libjava.so
7f7e9e6fb000-7f7e9e6fc000 r--p 0002c000 08:01 9180729                    /usr/lib/jvm/java-8-openjdk-amd64/jre/lib/amd64/libjava.so
7f7e9e6fc000-7f7e9e6fe000 rw-p 0002d000 08:01 9180729                    /usr/lib/jvm/java-8-openjdk-amd64/jre/lib/amd64/libjava.so
7f7e9e6fe000-7f7e9e70e000 r-xp 00000000 08:01 9180730                    /usr/lib/jvm/java-8-openjdk-amd64/jre/lib/amd64/libverify.so
7f7e9e70e000-7f7e9e90d000 ---p 00010000 08:01 9180730                    /usr/lib/jvm/java-8-openjdk-amd64/jre/lib/amd64/libverify.so
7f7e9e90d000-7f7e9e90f000 r--p 0000f000 08:01 9180730                    /usr/lib/jvm/java-8-openjdk-amd64/jre/lib/amd64/libverify.so
7f7e9e90f000-7f7e9e910000 rw-p 00011000 08:01 9180730                    /usr/lib/jvm/java-8-openjdk-amd64/jre/lib/amd64/libverify.so
7f7e9e910000-7f7e9e917000 r-xp 00000000 08:01 3014749                    /lib/x86_64-linux-gnu/librt-2.19.so
7f7e9e917000-7f7e9eb16000 ---p 00007000 08:01 3014749                    /lib/x86_64-linux-gnu/librt-2.19.so
7f7e9eb16000-7f7e9eb17000 r--p 00006000 08:01 3014749                    /lib/x86_64-linux-gnu/librt-2.19.so
7f7e9eb17000-7f7e9eb18000 rw-p 00007000 08:01 3014749                    /lib/x86_64-linux-gnu/librt-2.19.so
7f7e9eb18000-7f7e9eb2e000 r-xp 00000000 08:01 3014675                    /lib/x86_64-linux-gnu/libgcc_s.so.1
7f7e9eb2e000-7f7e9ed2d000 ---p 00016000 08:01 3014675                    /lib/x86_64-linux-gnu/libgcc_s.so.1
7f7e9ed2d000-7f7e9ed2e000 rw-p 00015000 08:01 3014675                    /lib/x86_64-linux-gnu/libgcc_s.so.1
7f7e9ed2e000-7f7e9ee33000 r-xp 00000000 08:01 3014756                    /lib/x86_64-linux-gnu/libm-2.19.so
7f7e9ee33000-7f7e9f032000 ---p 00105000 08:01 3014756                    /lib/x86_64-linux-gnu/libm-2.19.so
7f7e9f032000-7f7e9f033000 r--p 00104000 08:01 3014756                    /lib/x86_64-linux-gnu/libm-2.19.so
7f7e9f033000-7f7e9f034000 rw-p 00105000 08:01 3014756                    /lib/x86_64-linux-gnu/libm-2.19.so
7f7e9f034000-7f7e9f11a000 r-xp 00000000 08:01 6033564                    /usr/lib/x86_64-linux-gnu/libstdc++.so.6.0.19
7f7e9f11a000-7f7e9f319000 ---p 000e6000 08:01 6033564                    /usr/lib/x86_64-linux-gnu/libstdc++.so.6.0.19
7f7e9f319000-7f7e9f321000 r--p 000e5000 08:01 6033564                    /usr/lib/x86_64-linux-gnu/libstdc++.so.6.0.19
7f7e9f321000-7f7e9f323000 rw-p 000ed000 08:01 6033564                    /usr/lib/x86_64-linux-gnu/libstdc++.so.6.0.19
7f7e9f323000-7f7e9f338000 rw-p 00000000 00:00 0 
7f7e9f338000-7f7e9ff26000 r-xp 00000000 08:01 9180742                    /usr/lib/jvm/java-8-openjdk-amd64/jre/lib/amd64/server/libjvm.so
7f7e9ff26000-7f7ea0126000 ---p 00bee000 08:01 9180742                    /usr/lib/jvm/java-8-openjdk-amd64/jre/lib/amd64/server/libjvm.so
7f7ea0126000-7f7ea01c4000 r--p 00bee000 08:01 9180742                    /usr/lib/jvm/java-8-openjdk-amd64/jre/lib/amd64/server/libjvm.so
7f7ea01c4000-7f7ea01ed000 rw-p 00c8c000 08:01 9180742                    /usr/lib/jvm/java-8-openjdk-amd64/jre/lib/amd64/server/libjvm.so
7f7ea01ed000-7f7ea021f000 rw-p 00000000 00:00 0 
7f7ea021f000-7f7ea0238000 r-xp 00000000 08:01 3018898                    /lib/x86_64-linux-gnu/libpthread-2.19.so
7f7ea0238000-7f7ea0437000 ---p 00019000 08:01 3018898                    /lib/x86_64-linux-gnu/libpthread-2.19.so
7f7ea0437000-7f7ea0438000 r--p 00018000 08:01 3018898                    /lib/x86_64-linux-gnu/libpthread-2.19.so
7f7ea0438000-7f7ea0439000 rw-p 00019000 08:01 3018898                    /lib/x86_64-linux-gnu/libpthread-2.19.so
7f7ea0439000-7f7ea043d000 rw-p 00000000 00:00 0 
7f7ea043d000-7f7ea0440000 r-xp 00000000 08:01 3014752                    /lib/x86_64-linux-gnu/libdl-2.19.so
7f7ea0440000-7f7ea063f000 ---p 00003000 08:01 3014752                    /lib/x86_64-linux-gnu/libdl-2.19.so
7f7ea063f000-7f7ea0640000 r--p 00002000 08:01 3014752                    /lib/x86_64-linux-gnu/libdl-2.19.so
7f7ea0640000-7f7ea0641000 rw-p 00003000 08:01 3014752                    /lib/x86_64-linux-gnu/libdl-2.19.so
7f7ea0641000-7f7ea0659000 r-xp 00000000 08:01 3018787                    /lib/x86_64-linux-gnu/libz.so.1.2.8
7f7ea0659000-7f7ea0858000 ---p 00018000 08:01 3018787                    /lib/x86_64-linux-gnu/libz.so.1.2.8
7f7ea0858000-7f7ea0859000 r--p 00017000 08:01 3018787                    /lib/x86_64-linux-gnu/libz.so.1.2.8
7f7ea0859000-7f7ea085a000 rw-p 00018000 08:01 3018787                    /lib/x86_64-linux-gnu/libz.so.1.2.8
7f7ea085a000-7f7ea0a15000 r-xp 00000000 08:01 3014748                    /lib/x86_64-linux-gnu/libc-2.19.so
7f7ea0a15000-7f7ea0c15000 ---p 001bb000 08:01 3014748                    /lib/x86_64-linux-gnu/libc-2.19.so
7f7ea0c15000-7f7ea0c19000 r--p 001bb000 08:01 3014748                    /lib/x86_64-linux-gnu/libc-2.19.so
7f7ea0c19000-7f7ea0c1b000 rw-p 001bf000 08:01 3014748                    /lib/x86_64-linux-gnu/libc-2.19.so
7f7ea0c1b000-7f7ea0c20000 rw-p 00000000 00:00 0 
7f7ea0c20000-7f7ea0c2d000 r-xp 00000000 08:01 9180758                    /usr/lib/jvm/java-8-openjdk-amd64/jre/lib/amd64/jli/libjli.so
7f7ea0c2d000-7f7ea0e2d000 ---p 0000d000 08:01 9180758                    /usr/lib/jvm/java-8-openjdk-amd64/jre/lib/amd64/jli/libjli.so
7f7ea0e2d000-7f7ea0e2e000 r--p 0000d000 08:01 9180758                    /usr/lib/jvm/java-8-openjdk-amd64/jre/lib/amd64/jli/libjli.so
7f7ea0e2e000-7f7ea0e2f000 rw-p 0000e000 08:01 9180758                    /usr/lib/jvm/java-8-openjdk-amd64/jre/lib/amd64/jli/libjli.so
7f7ea0e2f000-7f7ea0e52000 r-xp 00000000 08:01 3014746                    /lib/x86_64-linux-gnu/ld-2.19.so
7f7ea0f29000-7f7ea0f2c000 ---p 00000000 00:00 0 
7f7ea0f2c000-7f7ea102f000 rw-p 00000000 00:00 0 
7f7ea1042000-7f7ea1045000 rw-p 00000000 00:00 0 
7f7ea1045000-7f7ea104d000 rw-s 00000000 08:01 5636120                    /tmp/hsperfdata_ashik/29317
7f7ea104d000-7f7ea104e000 rw-p 00000000 00:00 0 
7f7ea104e000-7f7ea104f000 r--p 00000000 00:00 0 
7f7ea104f000-7f7ea1051000 rw-p 00000000 00:00 0 
7f7ea1051000-7f7ea1052000 r--p 00022000 08:01 3014746                    /lib/x86_64-linux-gnu/ld-2.19.so
7f7ea1052000-7f7ea1053000 rw-p 00023000 08:01 3014746                    /lib/x86_64-linux-gnu/ld-2.19.so
7f7ea1053000-7f7ea1054000 rw-p 00000000 00:00 0 
7ffeebd0e000-7ffeebd30000 rw-p 00000000 00:00 0                          [stack]
7ffeebd5b000-7ffeebd5d000 r-xp 00000000 00:00 0                          [vdso]
ffffffffff600000-ffffffffff601000 r-xp 00000000 00:00 0                  [vsyscall]

VM Arguments:
jvm_args: -Djava.awt.headless=true -Xmx1024M -Dfile.encoding=UTF-8 -Duser.country=IN -Duser.language=en -Duser.variant 
java_command: com.android.dx.command.Main --dex --force-jumbo --num-threads=4 --multi-dex --output /home/ashik/AndroidStudioProjects/PhotoPandaBeta/app/build/intermediates/transforms/dex/debug/folders/1000/10/com.android.support-animated-vector-drawable-24.2.0_b82d45806f56ad328c090831b517bffca1407b90 /home/ashik/AndroidStudioProjects/PhotoPandaBeta/app/build/intermediates/exploded-aar/com.android.support/animated-vector-drawable/24.2.0/jars/classes.jar
java_class_path (initial): /home/ashik/Android/Sdk/build-tools/24.0.2/lib/dx.jar
Launcher Type: SUN_STANDARD

Environment Variables:
JAVA_HOME=/usr/lib/jvm/java-8-oracle
PATH=/usr/local/sbin:/usr/local/bin:/usr/sbin:/usr/bin:/sbin:/bin:/usr/games:/usr/local/games:/usr/lib/jvm/java-8-oracle/bin:/usr/lib/jvm/java-8-oracle/db/bin:/usr/lib/jvm/java-8-oracle/jre/bin
LD_LIBRARY_PATH=.:
SHELL=/bin/bash
DISPLAY=:0

Signal Handlers:
SIGSEGV: [libjvm.so+0x9f6230], sa_mask[0]=11111111011111111101111111111110, sa_flags=SA_RESTART|SA_SIGINFO
SIGBUS: [libjvm.so+0x9f6230], sa_mask[0]=11111111011111111101111111111110, sa_flags=SA_RESTART|SA_SIGINFO
SIGFPE: [libjvm.so+0x856c80], sa_mask[0]=11111111011111111101111111111110, sa_flags=SA_RESTART|SA_SIGINFO
SIGPIPE: [libjvm.so+0x856c80], sa_mask[0]=11111111011111111101111111111110, sa_flags=SA_RESTART|SA_SIGINFO
SIGXFSZ: [libjvm.so+0x856c80], sa_mask[0]=11111111011111111101111111111110, sa_flags=SA_RESTART|SA_SIGINFO
SIGILL: [libjvm.so+0x856c80], sa_mask[0]=11111111011111111101111111111110, sa_flags=SA_RESTART|SA_SIGINFO
SIGUSR1: SIG_DFL, sa_mask[0]=00000000000000000000000000000000, sa_flags=none
SIGUSR2: [libjvm.so+0x856b50], sa_mask[0]=00100000000000000000000000000000, sa_flags=SA_RESTART|SA_SIGINFO
SIGHUP: SIG_DFL, sa_mask[0]=00000000000000000000000000000000, sa_flags=none
SIGINT: SIG_DFL, sa_mask[0]=00000000000000000000000000000000, sa_flags=none
SIGTERM: SIG_DFL, sa_mask[0]=00000000000000000000000000000000, sa_flags=none
SIGQUIT: SIG_DFL, sa_mask[0]=00000000000000000000000000000000, sa_flags=none


---------------  S Y S T E M  ---------------

OS:DISTRIB_ID=Ubuntu
DISTRIB_RELEASE=14.04
DISTRIB_CODENAME=trusty
DISTRIB_DESCRIPTION="Ubuntu 14.04 LTS"

uname:Linux 3.13.0-96-generic #143-Ubuntu SMP Mon Aug 29 20:15:20 UTC 2016 x86_64
libc:glibc 2.19 NPTL 2.19 
rlimit: STACK 8192k, CORE 0k, NPROC 127429, NOFILE 4096, AS infinity
load average:3.59 1.70 1.01

/proc/meminfo:
MemTotal:       16332492 kB
MemFree:          167528 kB
Buffers:            7356 kB
Cached:          7819428 kB
SwapCached:            0 kB
Active:          8216436 kB
Inactive:        7602000 kB
Active(anon):    8171208 kB
Inactive(anon):  7565292 kB
Active(file):      45228 kB
Inactive(file):    36708 kB
Unevictable:         352 kB
Mlocked:             352 kB
SwapTotal:             0 kB
SwapFree:              0 kB
Dirty:               256 kB
Writeback:             0 kB
AnonPages:       7992512 kB
Mapped:          2444320 kB
Shmem:           7744348 kB
Slab:             119768 kB
SReclaimable:      64864 kB
SUnreclaim:        54904 kB
KernelStack:        7552 kB
PageTables:        75828 kB
NFS_Unstable:          0 kB
Bounce:                0 kB
WritebackTmp:          0 kB
CommitLimit:     8166244 kB
Committed_AS:   22053492 kB
VmallocTotal:   34359738367 kB
VmallocUsed:      371304 kB
VmallocChunk:   34359301504 kB
HardwareCorrupted:     0 kB
AnonHugePages:   5300224 kB
HugePages_Total:       0
HugePages_Free:        0
HugePages_Rsvd:        0
HugePages_Surp:        0
Hugepagesize:       2048 kB
DirectMap4k:       74288 kB
DirectMap2M:     2969600 kB
DirectMap1G:    13631488 kB


CPU:total 4 (4 cores per cpu, 1 threads per core) family 6 model 60 stepping 3, cmov, cx8, fxsr, mmx, sse, sse2, sse3, ssse3, sse4.1, sse4.2, popcnt, avx, avx2, aes, clmul, erms, lzcnt, tsc, tscinvbit, bmi1, bmi2

/proc/cpuinfo:
processor	: 0
vendor_id	: GenuineIntel
cpu family	: 6
model		: 60
model name	: Intel(R) Core(TM) i5-4440 CPU @ 3.10GHz
stepping	: 3
microcode	: 0x12
cpu MHz		: 3101.000
cache size	: 6144 KB
physical id	: 0
siblings	: 4
core id		: 0
cpu cores	: 4
apicid		: 0
initial apicid	: 0
fpu		: yes
fpu_exception	: yes
cpuid level	: 13
wp		: yes
flags		: fpu vme de pse tsc msr pae mce cx8 apic sep mtrr pge mca cmov pat pse36 clflush dts acpi mmx fxsr sse sse2 ss ht tm pbe syscall nx pdpe1gb rdtscp lm constant_tsc arch_perfmon pebs bts rep_good nopl xtopology nonstop_tsc aperfmperf eagerfpu pni pclmulqdq dtes64 monitor ds_cpl vmx est tm2 ssse3 fma cx16 xtpr pdcm pcid sse4_1 sse4_2 x2apic movbe popcnt tsc_deadline_timer aes xsave avx f16c rdrand lahf_lm abm ida arat xsaveopt pln pts dtherm tpr_shadow vnmi flexpriority ept vpid fsgsbase tsc_adjust bmi1 avx2 smep bmi2 erms invpcid
bogomips	: 6185.30
clflush size	: 64
cache_alignment	: 64
address sizes	: 39 bits physical, 48 bits virtual
power management:

processor	: 1
vendor_id	: GenuineIntel
cpu family	: 6
model		: 60
model name	: Intel(R) Core(TM) i5-4440 CPU @ 3.10GHz
stepping	: 3
microcode	: 0x12
cpu MHz		: 3101.000
cache size	: 6144 KB
physical id	: 0
siblings	: 4
core id		: 1
cpu cores	: 4
apicid		: 2
initial apicid	: 2
fpu		: yes
fpu_exception	: yes
cpuid level	: 13
wp		: yes
flags		: fpu vme de pse tsc msr pae mce cx8 apic sep mtrr pge mca cmov pat pse36 clflush dts acpi mmx fxsr sse sse2 ss ht tm pbe syscall nx pdpe1gb rdtscp lm constant_tsc arch_perfmon pebs bts rep_good nopl xtopology nonstop_tsc aperfmperf eagerfpu pni pclmulqdq dtes64 monitor ds_cpl vmx est tm2 ssse3 fma cx16 xtpr pdcm pcid sse4_1 sse4_2 x2apic movbe popcnt tsc_deadline_timer aes xsave avx f16c rdrand lahf_lm abm ida arat xsaveopt pln pts dtherm tpr_shadow vnmi flexpriority ept vpid fsgsbase tsc_adjust bmi1 avx2 smep bmi2 erms invpcid
bogomips	: 6185.30
clflush size	: 64
cache_alignment	: 64
address sizes	: 39 bits physical, 48 bits virtual
power management:

processor	: 2
vendor_id	: GenuineIntel
cpu family	: 6
model		: 60
model name	: Intel(R) Core(TM) i5-4440 CPU @ 3.10GHz
stepping	: 3
microcode	: 0x12
cpu MHz		: 1900.000
cache size	: 6144 KB
physical id	: 0
siblings	: 4
core id		: 2
cpu cores	: 4
apicid		: 4
initial apicid	: 4
fpu		: yes
fpu_exception	: yes
cpuid level	: 13
wp		: yes
flags		: fpu vme de pse tsc msr pae mce cx8 apic sep mtrr pge mca cmov pat pse36 clflush dts acpi mmx fxsr sse sse2 ss ht tm pbe syscall nx pdpe1gb rdtscp lm constant_tsc arch_perfmon pebs bts rep_good nopl xtopology nonstop_tsc aperfmperf eagerfpu pni pclmulqdq dtes64 monitor ds_cpl vmx est tm2 ssse3 fma cx16 xtpr pdcm pcid sse4_1 sse4_2 x2apic movbe popcnt tsc_deadline_timer aes xsave avx f16c rdrand lahf_lm abm ida arat xsaveopt pln pts dtherm tpr_shadow vnmi flexpriority ept vpid fsgsbase tsc_adjust bmi1 avx2 smep bmi2 erms invpcid
bogomips	: 6185.30
clflush size	: 64
cache_alignment	: 64
address sizes	: 39 bits physical, 48 bits virtual
power management:

processor	: 3
vendor_id	: GenuineIntel
cpu family	: 6
model		: 60
model name	: Intel(R) Core(TM) i5-4440 CPU @ 3.10GHz
stepping	: 3
microcode	: 0x12
cpu MHz		: 3101.000
cache size	: 6144 KB
physical id	: 0
siblings	: 4
core id		: 3
cpu cores	: 4
apicid		: 6
initial apicid	: 6
fpu		: yes
fpu_exception	: yes
cpuid level	: 13
wp		: yes
flags		: fpu vme de pse tsc msr pae mce cx8 apic sep mtrr pge mca cmov pat pse36 clflush dts acpi mmx fxsr sse sse2 ss ht tm pbe syscall nx pdpe1gb rdtscp lm constant_tsc arch_perfmon pebs bts rep_good nopl xtopology nonstop_tsc aperfmperf eagerfpu pni pclmulqdq dtes64 monitor ds_cpl vmx est tm2 ssse3 fma cx16 xtpr pdcm pcid sse4_1 sse4_2 x2apic movbe popcnt tsc_deadline_timer aes xsave avx f16c rdrand lahf_lm abm ida arat xsaveopt pln pts dtherm tpr_shadow vnmi flexpriority ept vpid fsgsbase tsc_adjust bmi1 avx2 smep bmi2 erms invpcid
bogomips	: 6185.30
clflush size	: 64
cache_alignment	: 64
address sizes	: 39 bits physical, 48 bits virtual
power management:



Memory: 4k page, physical 16332492k(167528k free), swap 0k(0k free)

vm_info: OpenJDK 64-Bit Server VM (25.91-b14) for linux-amd64 JRE (1.8.0_91-8u91-b14-0ubuntu4~14.04-b14), built on Apr 22 2016 12:27:31 by "buildd" with gcc 4.8.2

time: Wed Oct 26 18:56:38 2016
elapsed time: 0 seconds (0d 0h 0m 0s)

